\BOOKMARK [1][-]{section.1}{\376\377\004\030\004\063\004\100\004\103\004\110\004\065\004\107\004\075\004\113\004\071\000\040\004\074\004\076\004\064\004\103\004\073\004\114\000\040\004\077\004\060\004\074\004\117\004\102\004\070}{}% 1
\BOOKMARK [1][-]{section.2}{\376\377\004\050\004\070\004\075\004\060}{}% 2
\BOOKMARK [1][-]{section.3}{\376\377\004\040\004\065\004\060\004\073\004\114\004\075\004\113\004\071\000\040\004\074\004\076\004\064\004\103\004\073\004\114\000\040\004\077\004\060\004\074\004\117\004\102\004\070}{}% 3
\BOOKMARK [1][-]{section.4}{\376\377\004\057\004\107\004\065\004\071\004\072\004\060\000\040\004\077\004\060\004\074\004\117\004\102\004\070}{}% 4
\BOOKMARK [2][-]{subsection.4.1}{\376\377\004\041\004\102\004\060\004\102\004\070\004\107\004\065\004\101\004\072\004\060\004\117}{section.4}% 5
\BOOKMARK [3][-]{subsubsection.4.1.1}{\376\377\004\047\004\102\004\065\004\075\004\070\004\065}{subsection.4.1}% 6
\BOOKMARK [3][-]{subsubsection.4.1.2}{\376\377\004\027\004\060\004\077\004\070\004\101\004\114}{subsection.4.1}% 7
\BOOKMARK [3][-]{subsubsection.4.1.3}{\376\377\004\037\004\100\004\065\004\070\004\074\004\103\004\111\004\065\004\101\004\062\004\060}{subsection.4.1}% 8
\BOOKMARK [3][-]{subsubsection.4.1.4}{\376\377\004\035\004\065\004\064\004\076\004\101\004\102\004\060\004\102\004\072\004\070}{subsection.4.1}% 9
\BOOKMARK [3][-]{subsubsection.4.1.5}{\376\377\004\022\000\040\004\070\004\102\004\076\004\063\004\065}{subsection.4.1}% 10
\BOOKMARK [2][-]{subsection.4.2}{\376\377\004\024\004\070\004\075\004\060\004\074\004\070\004\107\004\065\004\101\004\072\004\060\004\117}{section.4}% 11
\BOOKMARK [3][-]{subsubsection.4.2.1}{\376\377\004\047\004\102\004\065\004\075\004\070\004\065}{subsection.4.2}% 12
\BOOKMARK [3][-]{subsubsection.4.2.2}{\376\377\004\027\004\060\004\077\004\070\004\101\004\114}{subsection.4.2}% 13
\BOOKMARK [2][-]{subsection.4.3}{\376\377\004\037\004\100\004\065\004\070\004\074\004\103\004\111\004\065\004\101\004\102\004\062\004\060}{section.4}% 14
\BOOKMARK [3][-]{subsubsection.4.3.1}{\376\377\004\035\004\065\004\064\004\076\004\101\004\102\004\060\004\102\004\072\004\070}{subsection.4.3}% 15
\BOOKMARK [3][-]{subsubsection.4.3.2}{\376\377\004\022\000\040\004\070\004\102\004\076\004\063\004\065}{subsection.4.3}% 16
\BOOKMARK [1][-]{section.5}{\376\377\004\033\004\070\004\100\004\070\004\107\004\065\004\101\004\072\004\076\004\065\000\040\004\076\004\102\004\101\004\102\004\103\004\077\004\073\004\065\004\075\004\070\004\065}{}% 17
\BOOKMARK [2][-]{subsection.5.1}{\376\377\000D\000M\000A\000\040\004\070\000\040\000P\000I\000O}{section.5}% 18
\BOOKMARK [2][-]{subsection.5.2}{\376\377\000S\000A\000T\000A}{section.5}% 19
\BOOKMARK [2][-]{subsection.5.3}{\376\377\004\047\004\070\004\077\004\101\004\065\004\102}{section.5}% 20
\BOOKMARK [2][-]{subsection.5.4}{\376\377\004\037\004\076\004\102\004\076\004\072\000\040\004\101\004\076\004\067\004\075\004\060\004\075\004\070\004\117\000.\000\040\004\047\004\102\004\076\000-\004\102\004\076\000\040\004\070\004\067\000\040\004\115\004\102\004\076\004\063\004\076\000\040\004\077\004\076\004\073\004\065\004\067\004\075\004\076\000,\000\040\004\075\004\076\000\040\004\115\004\102\004\076\000\040\004\075\004\065\000\040\004\102\004\076\004\107\004\075\004\076}{section.5}% 21
\BOOKMARK [1][-]{section.6}{\376\377\004\030\004\101\004\102\004\076\004\107\004\075\004\070\004\072\004\070\000\040\004\070\004\075\004\104\004\076\004\100\004\074\004\060\004\106\004\070\004\070}{}% 22
