\BOOKMARK [1][-]{section.1}{\376\377\000I\000S\000A}{}% 1
\BOOKMARK [2][-]{subsection.1.1}{\376\377\004\035\004\065\004\074\004\075\004\076\004\063\004\076\000\040\004\070\004\101\004\102\004\076\004\100\004\070\004\070}{section.1}% 2
\BOOKMARK [2][-]{subsection.1.2}{\376\377\004\047\004\102\004\076\000\040\004\102\004\060\004\072\004\076\004\065\000\040\000I\000S\000A\000?}{section.1}% 3
\BOOKMARK [2][-]{subsection.1.3}{\376\377\004\037\004\100\004\070\004\074\004\065\004\100\004\113\000\040\000I\000S\000A}{section.1}% 4
\BOOKMARK [1][-]{section.2}{\376\377\004\020\004\100\004\105\004\070\004\102\004\065\004\072\004\102\004\103\004\100\004\113\000\040\004\077\004\060\004\074\004\117\004\102\004\070}{}% 5
\BOOKMARK [2][-]{subsection.2.1}{\376\377\004\041\004\102\004\065\004\072\004\076\004\062\004\060\004\117\000\040\004\060\004\100\004\105\004\070\004\102\004\065\004\072\004\102\004\103\004\100\004\060}{section.2}% 6
\BOOKMARK [2][-]{subsection.2.2}{\376\377\004\020\004\072\004\072\004\103\004\074\004\103\004\073\004\117\004\102\004\076\004\100\004\075\004\060\004\117\000\040\004\060\004\100\004\105\004\070\004\102\004\065\004\072\004\102\004\103\004\100\004\060}{section.2}% 7
\BOOKMARK [2][-]{subsection.2.3}{\376\377\004\040\004\065\004\063\004\070\004\101\004\102\004\100\004\076\004\062\004\076\000-\004\100\004\065\004\063\004\070\004\101\004\102\004\100\004\076\004\062\004\060\004\117\000\040\004\060\004\100\004\105\004\070\004\102\004\065\004\072\004\102\004\103\004\100\004\060\000,\000\040\000R\000e\000g\000-\000R\000e\000g}{section.2}% 8
\BOOKMARK [2][-]{subsection.2.4}{\376\377\000R\000e\000g\000-\000M\000e\000m\000\040\004\060\004\100\004\105\004\070\004\102\004\065\004\072\004\102\004\103\004\100\004\060}{section.2}% 9
\BOOKMARK [2][-]{subsection.2.5}{\376\377\000M\000e\000m\000-\000M\000e\000m}{section.2}% 10
\BOOKMARK [1][-]{section.3}{\376\377\004\032\004\076\004\064\004\070\004\100\004\076\004\062\004\060\004\075\004\070\004\065\000\040\004\072\004\076\004\074\004\060\004\075\004\064}{}% 11
\BOOKMARK [1][-]{section.4}{\376\377\000R\000I\000S\000C\000\040\004\070\000\040\000C\000I\000S\000C}{}% 12
\BOOKMARK [2][-]{subsection.4.1}{\376\377\000C\000I\000S\000C}{section.4}% 13
\BOOKMARK [3][-]{subsubsection.4.1.1}{\376\377\004\037\004\100\004\065\004\070\004\074\004\103\004\111\004\065\004\101\004\102\004\062\004\060}{subsection.4.1}% 14
\BOOKMARK [3][-]{subsubsection.4.1.2}{\376\377\004\035\004\065\004\064\004\076\004\101\004\102\004\060\004\102\004\072\004\070}{subsection.4.1}% 15
\BOOKMARK [2][-]{subsection.4.2}{\376\377\000R\000I\000S\000C}{section.4}% 16
\BOOKMARK [3][-]{subsubsection.4.2.1}{\376\377\004\037\004\100\004\065\004\070\004\074\004\103\004\111\004\065\004\101\004\102\004\062\004\060}{subsection.4.2}% 17
\BOOKMARK [3][-]{subsubsection.4.2.2}{\376\377\004\035\004\065\004\064\004\076\004\101\004\102\004\060\004\102\004\072\004\070}{subsection.4.2}% 18
\BOOKMARK [2][-]{subsection.4.3}{\376\377\004\022\000\040\004\070\004\102\004\076\004\063\004\065}{section.4}% 19
\BOOKMARK [1][-]{section.5}{\376\377\004\040\004\065\004\066\004\070\004\074\004\113\000\040\004\060\004\064\004\100\004\065\004\101\004\060\004\106\004\070\004\070\000\136}{}% 20
\BOOKMARK [1][-]{section.6}{\376\377\004\042\004\070\004\077\004\113\000\040\004\064\004\060\004\075\004\075\004\113\004\105\000\136}{}% 21
\BOOKMARK [1][-]{section.7}{\376\377\004\034\004\070\004\072\004\100\004\076\004\060\004\100\004\105\004\070\004\102\004\065\004\072\004\102\004\103\004\100\004\060}{}% 22
