\BOOKMARK [1][-]{section.1}{\376\377\004\044\004\070\004\067\004\070\004\107\004\065\004\101\004\072\004\070\004\065\000\040\004\076\004\101\004\075\004\076\004\062\004\113}{}% 1
\BOOKMARK [2][-]{subsection.1.1}{\376\377\004\037\004\076\004\073\004\103\004\077\004\100\004\076\004\062\004\076\004\064\004\075\004\070\004\072\004\070\000*}{section.1}% 2
\BOOKMARK [3][-]{subsubsection.1.1.1}{\376\377\004\037\004\100\004\070\004\100\004\076\004\064\004\060\000\040\004\115\004\073\004\065\004\072\004\102\004\100\004\070\004\107\004\065\004\101\004\072\004\076\004\063\004\076\000\040\004\102\004\076\004\072\004\060\000\040\004\062\000\040\004\077\004\076\004\073\004\103\004\077\004\100\004\076\004\062\004\076\004\064\004\075\004\070\004\072\004\060\004\105}{subsection.1.1}% 3
\BOOKMARK [3][-]{subsubsection.1.1.2}{\376\377\004\024\004\076\004\075\004\076\004\100\004\075\004\113\004\065\000\040\004\070\000\040\004\060\004\072\004\106\004\065\004\077\004\102\004\076\004\100\004\075\004\113\004\065\000\040\004\077\004\100\004\070\004\074\004\065\004\101\004\070}{subsection.1.1}% 4
\BOOKMARK [2][-]{subsection.1.2}{\376\377\000p\000-\000n\000-\004\077\004\065\004\100\004\065\004\105\004\076\004\064\000*}{section.1}% 5
\BOOKMARK [2][-]{subsection.1.3}{\376\377\004\042\004\100\004\060\004\075\004\067\004\070\004\101\004\102\004\076\004\100\004\113}{section.1}% 6
\BOOKMARK [3][-]{subsubsection.1.3.1}{\376\377\004\021\004\070\004\077\004\076\004\073\004\117\004\100\004\075\004\113\004\071\000\040\004\102\004\100\004\060\004\075\004\067\004\070\004\101\004\102\004\076\004\100\000*}{subsection.1.3}% 7
\BOOKMARK [3][-]{subsubsection.1.3.2}{\376\377\004\037\004\076\004\073\004\065\004\062\004\113\004\065\000\040\004\102\004\100\004\060\004\075\004\067\004\070\004\101\004\102\004\076\004\100\004\113}{subsection.1.3}% 8
\BOOKMARK [1][-]{section.2}{\376\377\004\033\004\076\004\063\004\070\004\107\004\065\004\101\004\072\004\070\004\065\000\040\004\115\004\073\004\065\004\074\004\065\004\075\004\102\004\113}{}% 9
\BOOKMARK [2][-]{subsection.2.1}{\376\377\004\033\004\076\004\063\004\070\004\107\004\065\004\101\004\072\004\070\004\065\000\040\004\062\004\065\004\075\004\102\004\070\004\073\004\070}{section.2}% 10
\BOOKMARK [2][-]{subsection.2.2}{\376\377\004\040\004\065\004\060\004\073\004\070\004\067\004\060\004\106\004\070\004\117\000\040\004\061\004\060\004\067\004\076\004\062\004\113\004\105\000\040\004\115\004\073\004\065\004\074\004\065\004\075\004\102\004\076\004\062\000\040\004\101\000\040\004\077\004\076\004\074\004\076\004\111\004\114\004\116\000\040\004\102\004\100\004\060\004\075\004\067\004\070\004\101\004\102\004\076\004\100\004\076\004\062}{section.2}% 11
\BOOKMARK [1][-]{section.3}{\376\377\004\032\004\076\004\074\004\061\004\070\004\075\004\060\004\102\004\076\004\100\004\075\004\113\004\065\000\040\004\101\004\105\004\065\004\074\004\113}{}% 12
\BOOKMARK [2][-]{subsection.3.1}{\376\377\004\034\004\103\004\073\004\114\004\102\004\070\004\077\004\073\004\065\004\072\004\101\004\076\004\100}{section.3}% 13
\BOOKMARK [2][-]{subsection.3.2}{\376\377\004\024\004\065\004\074\004\103\004\073\004\114\004\102\004\065\004\077\004\073\004\065\004\072\004\101\004\076\004\100}{section.3}% 14
\BOOKMARK [2][-]{subsection.3.3}{\376\377\004\024\004\065\004\110\004\070\004\104\004\100\004\060\004\102\004\076\004\100\000\040\000\050\004\064\004\065\004\072\004\076\004\064\004\065\004\100\000\051}{section.3}% 15
\BOOKMARK [1][-]{section.4}{\376\377\004\020\004\100\004\070\004\104\004\074\004\070\004\102\004\070\004\107\004\065\004\101\004\072\004\070\004\065\000\040\004\101\004\105\004\065\004\074\004\113}{}% 16
\BOOKMARK [2][-]{subsection.4.1}{\376\377\004\037\004\076\004\073\004\103\004\101\004\103\004\074\004\074\004\060\004\102\004\076\004\100}{section.4}% 17
\BOOKMARK [2][-]{subsection.4.2}{\376\377\004\041\004\103\004\074\004\074\004\060\004\102\004\076\004\100}{section.4}% 18
\BOOKMARK [1][-]{section.5}{\376\377\004\037\004\076\004\101\004\073\004\065\004\064\004\076\004\062\004\060\004\102\004\065\004\073\004\114\004\075\004\113\004\065\000\040\004\101\004\105\004\065\004\074\004\113}{}% 19
\BOOKMARK [2][-]{subsection.5.1}{\376\377\004\042\004\100\004\070\004\063\004\063\004\065\004\100\004\113}{section.5}% 20
\BOOKMARK [3][-]{subsubsection.5.1.1}{\376\377\000R\000S\000-\004\102\004\100\004\070\004\063\004\063\004\065\004\100}{subsection.5.1}% 21
\BOOKMARK [3][-]{subsubsection.5.1.2}{\376\377\004\041\004\070\004\075\004\105\004\100\004\076\004\075\004\075\004\113\004\071\000\040\000R\000S\000-\004\102\004\100\004\070\004\063\004\063\004\065\004\100}{subsection.5.1}% 22
\BOOKMARK [3][-]{subsubsection.5.1.3}{\376\377\004\041\004\070\004\075\004\105\004\100\004\076\004\075\004\075\004\113\004\071\000\040\000D\000-\004\102\004\100\004\070\004\063\004\063\004\065\004\100}{subsection.5.1}% 23
\BOOKMARK [3][-]{subsubsection.5.1.4}{\376\377\000J\000K\000-\004\102\004\100\004\070\004\063\004\063\004\065\004\100}{subsection.5.1}% 24
\BOOKMARK [3][-]{subsubsection.5.1.5}{\376\377\000T\000-\004\102\004\100\004\070\004\063\004\063\004\065\004\100}{subsection.5.1}% 25
\BOOKMARK [1][-]{section.6}{\376\377\004\040\004\065\004\063\004\070\004\101\004\102\004\100\004\113}{}% 26
\BOOKMARK [1][-]{section.7}{\376\377\004\041\004\107\004\065\004\102\004\107\004\070\004\072}{}% 27
\BOOKMARK [1][-]{section.8}{\376\377\004\030\004\101\004\102\004\076\004\107\004\075\004\070\004\072\004\070\000\040\004\070\004\075\004\104\004\076\004\100\004\074\004\060\004\106\004\070\004\070}{}% 28
