\BOOKMARK [1][-]{section.1}{\376\377\004\036\004\061\004\113\004\107\004\075\004\060\004\117\000\040\000D\000R\000A\000M}{}% 1
\BOOKMARK [1][-]{section.2}{\376\377\004\042\004\060\004\071\004\074\004\070\004\075\004\063\004\070}{}% 2
\BOOKMARK [1][-]{section.3}{\376\377\004\032\004\060\004\072\000\040\004\101\004\100\004\060\004\062\004\075\004\070\004\062\004\060\004\102\004\114\000\040\004\064\004\062\004\060\000\040\004\074\004\076\004\064\004\103\004\073\004\117\000\040\004\077\004\060\004\074\004\117\004\102\004\070\000?}{}% 3
\BOOKMARK [1][-]{section.4}{\376\377\004\045\004\060\004\100\004\060\004\072\004\102\004\065\004\100\004\070\004\101\004\102\004\070\004\072\004\070\000\040\004\077\004\060\004\074\004\117\004\102\004\070}{}% 4
\BOOKMARK [1][-]{section.5}{\376\377\004\022\004\060\004\066\004\075\004\060\004\117\000\040\004\070\004\075\004\104\004\076\004\100\004\074\004\060\004\106\004\070\004\117}{}% 5
\BOOKMARK [1][-]{section.6}{\376\377\000F\000P\000M\000\040\000D\000R\000A\000M}{}% 6
\BOOKMARK [1][-]{section.7}{\376\377\000E\000D\000O\000\040\000D\000R\000A\000M}{}% 7
\BOOKMARK [1][-]{section.8}{\376\377\000B\000E\000D\000O\000\040\000D\000R\000A\000M}{}% 8
\BOOKMARK [1][-]{section.9}{\376\377\000S\000D\000R\000A\000M}{}% 9
\BOOKMARK [1][-]{section.10}{\376\377\004\025\004\111\004\065\000\040\004\075\004\065\004\074\004\075\004\076\004\063\004\076\000\040\004\077\004\100\004\076\000\040\004\074\004\076\004\064\004\103\004\073\004\070\000\040\004\077\004\060\004\074\004\117\004\102\004\070}{}% 10
\BOOKMARK [2][-]{subsection.10.1}{\376\377\004\034\004\075\004\076\004\063\004\076\004\077\004\076\004\100\004\102\004\076\004\062\004\060\004\117\000\040\004\077\004\060\004\074\004\117\004\102\004\114}{section.10}% 11
\BOOKMARK [2][-]{subsection.10.2}{\376\377\004\034\004\075\004\076\004\063\004\076\004\061\004\060\004\075\004\072\004\076\004\062\004\060\004\117\000\040\004\077\004\060\004\074\004\117\004\102\004\114}{section.10}% 12
\BOOKMARK [2][-]{subsection.10.3}{\376\377\004\034\004\075\004\076\004\063\004\076\004\072\004\060\004\075\004\060\004\073\004\114\004\075\004\113\004\071\000\040\004\100\004\065\004\066\004\070\004\074\000\040\004\100\004\060\004\061\004\076\004\102\004\113}{section.10}% 13
\BOOKMARK [1][-]{section.11}{\376\377\000D\000D\000R}{}% 14
\BOOKMARK [1][-]{section.12}{\376\377\000D\000D\000R\0002}{}% 15
\BOOKMARK [1][-]{section.13}{\376\377\000D\000D\000R\0003}{}% 16
\BOOKMARK [1][-]{section.14}{\376\377\000D\000D\000R\0004}{}% 17
\BOOKMARK [1][-]{section.15}{\376\377\000G\000D\000D\000R}{}% 18
\BOOKMARK [1][-]{section.16}{\376\377\000H\000B\000M\000\040\004\077\004\060\004\074\004\117\004\102\004\114\000*}{}% 19
\BOOKMARK [1][-]{section.17}{\376\377\004\024\004\076\004\101\004\102\004\103\004\077\000\040\004\072\000\040\004\077\004\060\004\074\004\117\004\102\004\070}{}% 20
\BOOKMARK [2][-]{subsection.17.1}{\376\377\000N\000U\000M\000A}{section.17}% 21
\BOOKMARK [2][-]{subsection.17.2}{\376\377\000U\000M\000A}{section.17}% 22
\BOOKMARK [1][-]{section.18}{\376\377\004\030\004\101\004\102\004\076\004\107\004\075\004\070\004\072\004\070}{}% 23
